<?xml version="1.0" encoding="UTF-8"?>
<testsuite xmlns:xsi="http://www.w3.org/2001/XMLSchema-instance" xsi:noNamespaceSchemaLocation="https://maven.apache.org/surefire/maven-surefire-plugin/xsd/surefire-test-report.xsd" name="com.cucumber.StepDefinitions.RunCukeTest" time="77.446" tests="3" errors="0" skipped="0" failures="0">
  <properties>
    <property name="sun.desktop" value="gnome"/>
    <property name="awt.toolkit" value="sun.awt.X11.XToolkit"/>
    <property name="file.encoding.pkg" value="sun.io"/>
    <property name="java.specification.version" value="1.8"/>
    <property name="sun.cpu.isalist" value=""/>
    <property name="sun.jnu.encoding" value="UTF-8"/>
    <property name="java.class.path" value="/home/baskaran/myfirstgitproject/robot/cucumberselenium/target/test-classes:/home/baskaran/myfirstgitproject/robot/cucumberselenium/target/classes:/home/baskaran/.m2/repository/org/apache/logging/log4j/log4j-api/2.10.0/log4j-api-2.10.0.jar:/home/baskaran/.m2/repository/junit/junit/4.12/junit-4.12.jar:/home/baskaran/.m2/repository/org/hamcrest/hamcrest-core/1.3/hamcrest-core-1.3.jar:/home/baskaran/.m2/repository/io/cucumber/cucumber-java/2.3.0/cucumber-java-2.3.0.jar:/home/baskaran/.m2/repository/io/cucumber/cucumber-core/2.3.0/cucumber-core-2.3.0.jar:/home/baskaran/.m2/repository/info/cukes/cucumber-html/0.2.6/cucumber-html-0.2.6.jar:/home/baskaran/.m2/repository/io/cucumber/cucumber-jvm-deps/1.0.6/cucumber-jvm-deps-1.0.6.jar:/home/baskaran/.m2/repository/io/cucumber/gherkin/5.0.0/gherkin-5.0.0.jar:/home/baskaran/.m2/repository/io/cucumber/tag-expressions/1.1.1/tag-expressions-1.1.1.jar:/home/baskaran/.m2/repository/io/cucumber/cucumber-junit/2.3.0/cucumber-junit-2.3.0.jar:/home/baskaran/.m2/repository/org/seleniumhq/selenium/selenium-java/3.8.1/selenium-java-3.8.1.jar:/home/baskaran/.m2/repository/org/seleniumhq/selenium/selenium-api/3.8.1/selenium-api-3.8.1.jar:/home/baskaran/.m2/repository/org/seleniumhq/selenium/selenium-chrome-driver/3.8.1/selenium-chrome-driver-3.8.1.jar:/home/baskaran/.m2/repository/org/seleniumhq/selenium/selenium-edge-driver/3.8.1/selenium-edge-driver-3.8.1.jar:/home/baskaran/.m2/repository/org/seleniumhq/selenium/selenium-firefox-driver/3.8.1/selenium-firefox-driver-3.8.1.jar:/home/baskaran/.m2/repository/org/seleniumhq/selenium/selenium-ie-driver/3.8.1/selenium-ie-driver-3.8.1.jar:/home/baskaran/.m2/repository/org/seleniumhq/selenium/selenium-opera-driver/3.8.1/selenium-opera-driver-3.8.1.jar:/home/baskaran/.m2/repository/org/seleniumhq/selenium/selenium-remote-driver/3.8.1/selenium-remote-driver-3.8.1.jar:/home/baskaran/.m2/repository/org/seleniumhq/selenium/selenium-safari-driver/3.8.1/selenium-safari-driver-3.8.1.jar:/home/baskaran/.m2/repository/org/seleniumhq/selenium/selenium-support/3.8.1/selenium-support-3.8.1.jar:/home/baskaran/.m2/repository/net/bytebuddy/byte-buddy/1.7.5/byte-buddy-1.7.5.jar:/home/baskaran/.m2/repository/org/apache/commons/commons-exec/1.3/commons-exec-1.3.jar:/home/baskaran/.m2/repository/commons-codec/commons-codec/1.10/commons-codec-1.10.jar:/home/baskaran/.m2/repository/commons-logging/commons-logging/1.2/commons-logging-1.2.jar:/home/baskaran/.m2/repository/com/google/code/gson/gson/2.8.2/gson-2.8.2.jar:/home/baskaran/.m2/repository/com/google/guava/guava/23.0/guava-23.0.jar:/home/baskaran/.m2/repository/com/google/code/findbugs/jsr305/1.3.9/jsr305-1.3.9.jar:/home/baskaran/.m2/repository/com/google/errorprone/error_prone_annotations/2.0.18/error_prone_annotations-2.0.18.jar:/home/baskaran/.m2/repository/com/google/j2objc/j2objc-annotations/1.1/j2objc-annotations-1.1.jar:/home/baskaran/.m2/repository/org/codehaus/mojo/animal-sniffer-annotations/1.14/animal-sniffer-annotations-1.14.jar:/home/baskaran/.m2/repository/org/apache/httpcomponents/httpclient/4.5.3/httpclient-4.5.3.jar:/home/baskaran/.m2/repository/org/apache/httpcomponents/httpcore/4.4.6/httpcore-4.4.6.jar:/home/baskaran/.m2/repository/io/github/bonigarcia/webdrivermanager/2.0.1/webdrivermanager-2.0.1.jar:/home/baskaran/.m2/repository/org/slf4j/slf4j-api/1.7.24/slf4j-api-1.7.24.jar:/home/baskaran/.m2/repository/commons-io/commons-io/2.5/commons-io-2.5.jar:/home/baskaran/.m2/repository/org/apache/commons/commons-lang3/3.5/commons-lang3-3.5.jar:/home/baskaran/.m2/repository/org/rauschig/jarchivelib/0.7.1/jarchivelib-0.7.1.jar:/home/baskaran/.m2/repository/org/apache/commons/commons-compress/1.9/commons-compress-1.9.jar:/home/baskaran/.m2/repository/org/jsoup/jsoup/1.10.2/jsoup-1.10.2.jar:/home/baskaran/myfirstgitproject/robot/cucumberselenium/lib/totallylazy-1.20.jar:/home/baskaran/.m2/repository/net/masterthought/cucumber-reporting/0.0.20/cucumber-reporting-0.0.20.jar:/home/baskaran/.m2/repository/maven/velocity/1.5-20060721.044818/velocity-1.5-20060721.044818.jar:/home/baskaran/.m2/repository/ant/ant/1.6.2/ant-1.6.2.jar:/home/baskaran/.m2/repository/commons-collections/commons-collections/3.1/commons-collections-3.1.jar:/home/baskaran/.m2/repository/commons-lang/commons-lang/2.1/commons-lang-2.1.jar:/home/baskaran/.m2/repository/jdom/jdom/1.0/jdom-1.0.jar:/home/baskaran/.m2/repository/log4j/log4j/1.2.12/log4j-1.2.12.jar:/home/baskaran/.m2/repository/avalon-logkit/avalon-logkit/2.1/avalon-logkit-2.1.jar:/home/baskaran/.m2/repository/geronimo-spec/geronimo-spec-javamail/1.3.1-rc3/geronimo-spec-javamail-1.3.1-rc3.jar:/home/baskaran/.m2/repository/geronimo-spec/geronimo-spec-jms/1.1-rc4/geronimo-spec-jms-1.1-rc4.jar:/home/baskaran/.m2/repository/oro/oro/2.0.8/oro-2.0.8.jar:/home/baskaran/.m2/repository/javax/servlet/servlet-api/2.3/servlet-api-2.3.jar:/home/baskaran/.m2/repository/werken-xpath/werken-xpath/0.9.4/werken-xpath-0.9.4.jar:/home/baskaran/.m2/repository/antlr/antlr/2.7.5/antlr-2.7.5.jar:/home/baskaran/.m2/repository/joda-time/joda-time/2.1/joda-time-2.1.jar:/home/baskaran/.m2/repository/org/mockito/mockito-all/1.9.0/mockito-all-1.9.0.jar:/home/baskaran/.m2/repository/org/apache/maven/maven-plugin-api/3.5.2/maven-plugin-api-3.5.2.jar:/home/baskaran/.m2/repository/org/apache/maven/maven-model/3.5.2/maven-model-3.5.2.jar:/home/baskaran/.m2/repository/org/apache/maven/maven-artifact/3.5.2/maven-artifact-3.5.2.jar:/home/baskaran/.m2/repository/org/eclipse/sisu/org.eclipse.sisu.plexus/0.3.3/org.eclipse.sisu.plexus-0.3.3.jar:/home/baskaran/.m2/repository/javax/enterprise/cdi-api/1.0/cdi-api-1.0.jar:/home/baskaran/.m2/repository/javax/annotation/jsr250-api/1.0/jsr250-api-1.0.jar:/home/baskaran/.m2/repository/javax/inject/javax.inject/1/javax.inject-1.jar:/home/baskaran/.m2/repository/org/eclipse/sisu/org.eclipse.sisu.inject/0.3.3/org.eclipse.sisu.inject-0.3.3.jar:/home/baskaran/.m2/repository/org/codehaus/plexus/plexus-component-annotations/1.5.5/plexus-component-annotations-1.5.5.jar:/home/baskaran/.m2/repository/org/codehaus/plexus/plexus-utils/3.1.0/plexus-utils-3.1.0.jar:/home/baskaran/.m2/repository/org/codehaus/plexus/plexus-classworlds/2.5.2/plexus-classworlds-2.5.2.jar:/home/baskaran/.m2/repository/org/apache/maven/plugins/maven-gpg-plugin/1.6/maven-gpg-plugin-1.6.jar:/home/baskaran/.m2/repository/org/apache/maven/maven-project/2.2.1/maven-project-2.2.1.jar:/home/baskaran/.m2/repository/org/apache/maven/maven-settings/2.2.1/maven-settings-2.2.1.jar:/home/baskaran/.m2/repository/org/apache/maven/maven-profile/2.2.1/maven-profile-2.2.1.jar:/home/baskaran/.m2/repository/org/apache/maven/maven-artifact-manager/2.2.1/maven-artifact-manager-2.2.1.jar:/home/baskaran/.m2/repository/org/apache/maven/wagon/wagon-provider-api/1.0-beta-6/wagon-provider-api-1.0-beta-6.jar:/home/baskaran/.m2/repository/backport-util-concurrent/backport-util-concurrent/3.1/backport-util-concurrent-3.1.jar:/home/baskaran/.m2/repository/org/apache/maven/maven-plugin-registry/2.2.1/maven-plugin-registry-2.2.1.jar:/home/baskaran/.m2/repository/org/codehaus/plexus/plexus-interpolation/1.11/plexus-interpolation-1.11.jar:/home/baskaran/.m2/repository/org/codehaus/plexus/plexus-container-default/1.0-alpha-9-stable-1/plexus-container-default-1.0-alpha-9-stable-1.jar:/home/baskaran/.m2/repository/classworlds/classworlds/1.1-alpha-2/classworlds-1.1-alpha-2.jar:/home/baskaran/.m2/repository/org/apache/maven/maven-repository-metadata/2.2.1/maven-repository-metadata-2.2.1.jar:/home/baskaran/.m2/repository/org/sonatype/plexus/plexus-sec-dispatcher/1.4/plexus-sec-dispatcher-1.4.jar:/home/baskaran/.m2/repository/org/sonatype/plexus/plexus-cipher/1.4/plexus-cipher-1.4.jar:/home/baskaran/.m2/repository/org/apache/poi/poi/3.17/poi-3.17.jar:/home/baskaran/.m2/repository/org/apache/commons/commons-collections4/4.1/commons-collections4-4.1.jar:/home/baskaran/.m2/repository/org/apache/poi/poi-ooxml-schemas/3.17/poi-ooxml-schemas-3.17.jar:/home/baskaran/.m2/repository/org/apache/xmlbeans/xmlbeans/2.6.0/xmlbeans-2.6.0.jar:/home/baskaran/.m2/repository/stax/stax-api/1.0.1/stax-api-1.0.1.jar:/home/baskaran/.m2/repository/org/apache/poi/poi-ooxml/3.17/poi-ooxml-3.17.jar:/home/baskaran/.m2/repository/com/github/virtuald/curvesapi/1.04/curvesapi-1.04.jar:"/>
    <property name="java.vm.vendor" value="Oracle Corporation"/>
    <property name="sun.arch.data.model" value="32"/>
    <property name="java.vendor.url" value="http://java.oracle.com/"/>
    <property name="user.timezone" value=""/>
    <property name="java.vm.specification.version" value="1.8"/>
    <property name="os.name" value="Linux"/>
    <property name="user.country" value="GB"/>
    <property name="sun.java.launcher" value="SUN_STANDARD"/>
    <property name="sun.boot.library.path" value="/usr/lib/jvm/java-8-oracle/jre/lib/i386"/>
    <property name="sun.java.command" value="/home/baskaran/myfirstgitproject/robot/cucumberselenium/target/surefire/surefirebooter6708882584563267974.jar /home/baskaran/myfirstgitproject/robot/cucumberselenium/target/surefire 2017-12-15T16-29-45_650-jvmRun1 surefire4701807137033778685tmp surefire_03723594712225667079tmp"/>
    <property name="surefire.test.class.path" value="/home/baskaran/myfirstgitproject/robot/cucumberselenium/target/test-classes:/home/baskaran/myfirstgitproject/robot/cucumberselenium/target/classes:/home/baskaran/.m2/repository/org/apache/logging/log4j/log4j-api/2.10.0/log4j-api-2.10.0.jar:/home/baskaran/.m2/repository/junit/junit/4.12/junit-4.12.jar:/home/baskaran/.m2/repository/org/hamcrest/hamcrest-core/1.3/hamcrest-core-1.3.jar:/home/baskaran/.m2/repository/io/cucumber/cucumber-java/2.3.0/cucumber-java-2.3.0.jar:/home/baskaran/.m2/repository/io/cucumber/cucumber-core/2.3.0/cucumber-core-2.3.0.jar:/home/baskaran/.m2/repository/info/cukes/cucumber-html/0.2.6/cucumber-html-0.2.6.jar:/home/baskaran/.m2/repository/io/cucumber/cucumber-jvm-deps/1.0.6/cucumber-jvm-deps-1.0.6.jar:/home/baskaran/.m2/repository/io/cucumber/gherkin/5.0.0/gherkin-5.0.0.jar:/home/baskaran/.m2/repository/io/cucumber/tag-expressions/1.1.1/tag-expressions-1.1.1.jar:/home/baskaran/.m2/repository/io/cucumber/cucumber-junit/2.3.0/cucumber-junit-2.3.0.jar:/home/baskaran/.m2/repository/org/seleniumhq/selenium/selenium-java/3.8.1/selenium-java-3.8.1.jar:/home/baskaran/.m2/repository/org/seleniumhq/selenium/selenium-api/3.8.1/selenium-api-3.8.1.jar:/home/baskaran/.m2/repository/org/seleniumhq/selenium/selenium-chrome-driver/3.8.1/selenium-chrome-driver-3.8.1.jar:/home/baskaran/.m2/repository/org/seleniumhq/selenium/selenium-edge-driver/3.8.1/selenium-edge-driver-3.8.1.jar:/home/baskaran/.m2/repository/org/seleniumhq/selenium/selenium-firefox-driver/3.8.1/selenium-firefox-driver-3.8.1.jar:/home/baskaran/.m2/repository/org/seleniumhq/selenium/selenium-ie-driver/3.8.1/selenium-ie-driver-3.8.1.jar:/home/baskaran/.m2/repository/org/seleniumhq/selenium/selenium-opera-driver/3.8.1/selenium-opera-driver-3.8.1.jar:/home/baskaran/.m2/repository/org/seleniumhq/selenium/selenium-remote-driver/3.8.1/selenium-remote-driver-3.8.1.jar:/home/baskaran/.m2/repository/org/seleniumhq/selenium/selenium-safari-driver/3.8.1/selenium-safari-driver-3.8.1.jar:/home/baskaran/.m2/repository/org/seleniumhq/selenium/selenium-support/3.8.1/selenium-support-3.8.1.jar:/home/baskaran/.m2/repository/net/bytebuddy/byte-buddy/1.7.5/byte-buddy-1.7.5.jar:/home/baskaran/.m2/repository/org/apache/commons/commons-exec/1.3/commons-exec-1.3.jar:/home/baskaran/.m2/repository/commons-codec/commons-codec/1.10/commons-codec-1.10.jar:/home/baskaran/.m2/repository/commons-logging/commons-logging/1.2/commons-logging-1.2.jar:/home/baskaran/.m2/repository/com/google/code/gson/gson/2.8.2/gson-2.8.2.jar:/home/baskaran/.m2/repository/com/google/guava/guava/23.0/guava-23.0.jar:/home/baskaran/.m2/repository/com/google/code/findbugs/jsr305/1.3.9/jsr305-1.3.9.jar:/home/baskaran/.m2/repository/com/google/errorprone/error_prone_annotations/2.0.18/error_prone_annotations-2.0.18.jar:/home/baskaran/.m2/repository/com/google/j2objc/j2objc-annotations/1.1/j2objc-annotations-1.1.jar:/home/baskaran/.m2/repository/org/codehaus/mojo/animal-sniffer-annotations/1.14/animal-sniffer-annotations-1.14.jar:/home/baskaran/.m2/repository/org/apache/httpcomponents/httpclient/4.5.3/httpclient-4.5.3.jar:/home/baskaran/.m2/repository/org/apache/httpcomponents/httpcore/4.4.6/httpcore-4.4.6.jar:/home/baskaran/.m2/repository/io/github/bonigarcia/webdrivermanager/2.0.1/webdrivermanager-2.0.1.jar:/home/baskaran/.m2/repository/org/slf4j/slf4j-api/1.7.24/slf4j-api-1.7.24.jar:/home/baskaran/.m2/repository/commons-io/commons-io/2.5/commons-io-2.5.jar:/home/baskaran/.m2/repository/org/apache/commons/commons-lang3/3.5/commons-lang3-3.5.jar:/home/baskaran/.m2/repository/org/rauschig/jarchivelib/0.7.1/jarchivelib-0.7.1.jar:/home/baskaran/.m2/repository/org/apache/commons/commons-compress/1.9/commons-compress-1.9.jar:/home/baskaran/.m2/repository/org/jsoup/jsoup/1.10.2/jsoup-1.10.2.jar:/home/baskaran/myfirstgitproject/robot/cucumberselenium/lib/totallylazy-1.20.jar:/home/baskaran/.m2/repository/net/masterthought/cucumber-reporting/0.0.20/cucumber-reporting-0.0.20.jar:/home/baskaran/.m2/repository/maven/velocity/1.5-20060721.044818/velocity-1.5-20060721.044818.jar:/home/baskaran/.m2/repository/ant/ant/1.6.2/ant-1.6.2.jar:/home/baskaran/.m2/repository/commons-collections/commons-collections/3.1/commons-collections-3.1.jar:/home/baskaran/.m2/repository/commons-lang/commons-lang/2.1/commons-lang-2.1.jar:/home/baskaran/.m2/repository/jdom/jdom/1.0/jdom-1.0.jar:/home/baskaran/.m2/repository/log4j/log4j/1.2.12/log4j-1.2.12.jar:/home/baskaran/.m2/repository/avalon-logkit/avalon-logkit/2.1/avalon-logkit-2.1.jar:/home/baskaran/.m2/repository/geronimo-spec/geronimo-spec-javamail/1.3.1-rc3/geronimo-spec-javamail-1.3.1-rc3.jar:/home/baskaran/.m2/repository/geronimo-spec/geronimo-spec-jms/1.1-rc4/geronimo-spec-jms-1.1-rc4.jar:/home/baskaran/.m2/repository/oro/oro/2.0.8/oro-2.0.8.jar:/home/baskaran/.m2/repository/javax/servlet/servlet-api/2.3/servlet-api-2.3.jar:/home/baskaran/.m2/repository/werken-xpath/werken-xpath/0.9.4/werken-xpath-0.9.4.jar:/home/baskaran/.m2/repository/antlr/antlr/2.7.5/antlr-2.7.5.jar:/home/baskaran/.m2/repository/joda-time/joda-time/2.1/joda-time-2.1.jar:/home/baskaran/.m2/repository/org/mockito/mockito-all/1.9.0/mockito-all-1.9.0.jar:/home/baskaran/.m2/repository/org/apache/maven/maven-plugin-api/3.5.2/maven-plugin-api-3.5.2.jar:/home/baskaran/.m2/repository/org/apache/maven/maven-model/3.5.2/maven-model-3.5.2.jar:/home/baskaran/.m2/repository/org/apache/maven/maven-artifact/3.5.2/maven-artifact-3.5.2.jar:/home/baskaran/.m2/repository/org/eclipse/sisu/org.eclipse.sisu.plexus/0.3.3/org.eclipse.sisu.plexus-0.3.3.jar:/home/baskaran/.m2/repository/javax/enterprise/cdi-api/1.0/cdi-api-1.0.jar:/home/baskaran/.m2/repository/javax/annotation/jsr250-api/1.0/jsr250-api-1.0.jar:/home/baskaran/.m2/repository/javax/inject/javax.inject/1/javax.inject-1.jar:/home/baskaran/.m2/repository/org/eclipse/sisu/org.eclipse.sisu.inject/0.3.3/org.eclipse.sisu.inject-0.3.3.jar:/home/baskaran/.m2/repository/org/codehaus/plexus/plexus-component-annotations/1.5.5/plexus-component-annotations-1.5.5.jar:/home/baskaran/.m2/repository/org/codehaus/plexus/plexus-utils/3.1.0/plexus-utils-3.1.0.jar:/home/baskaran/.m2/repository/org/codehaus/plexus/plexus-classworlds/2.5.2/plexus-classworlds-2.5.2.jar:/home/baskaran/.m2/repository/org/apache/maven/plugins/maven-gpg-plugin/1.6/maven-gpg-plugin-1.6.jar:/home/baskaran/.m2/repository/org/apache/maven/maven-project/2.2.1/maven-project-2.2.1.jar:/home/baskaran/.m2/repository/org/apache/maven/maven-settings/2.2.1/maven-settings-2.2.1.jar:/home/baskaran/.m2/repository/org/apache/maven/maven-profile/2.2.1/maven-profile-2.2.1.jar:/home/baskaran/.m2/repository/org/apache/maven/maven-artifact-manager/2.2.1/maven-artifact-manager-2.2.1.jar:/home/baskaran/.m2/repository/org/apache/maven/wagon/wagon-provider-api/1.0-beta-6/wagon-provider-api-1.0-beta-6.jar:/home/baskaran/.m2/repository/backport-util-concurrent/backport-util-concurrent/3.1/backport-util-concurrent-3.1.jar:/home/baskaran/.m2/repository/org/apache/maven/maven-plugin-registry/2.2.1/maven-plugin-registry-2.2.1.jar:/home/baskaran/.m2/repository/org/codehaus/plexus/plexus-interpolation/1.11/plexus-interpolation-1.11.jar:/home/baskaran/.m2/repository/org/codehaus/plexus/plexus-container-default/1.0-alpha-9-stable-1/plexus-container-default-1.0-alpha-9-stable-1.jar:/home/baskaran/.m2/repository/classworlds/classworlds/1.1-alpha-2/classworlds-1.1-alpha-2.jar:/home/baskaran/.m2/repository/org/apache/maven/maven-repository-metadata/2.2.1/maven-repository-metadata-2.2.1.jar:/home/baskaran/.m2/repository/org/sonatype/plexus/plexus-sec-dispatcher/1.4/plexus-sec-dispatcher-1.4.jar:/home/baskaran/.m2/repository/org/sonatype/plexus/plexus-cipher/1.4/plexus-cipher-1.4.jar:/home/baskaran/.m2/repository/org/apache/poi/poi/3.17/poi-3.17.jar:/home/baskaran/.m2/repository/org/apache/commons/commons-collections4/4.1/commons-collections4-4.1.jar:/home/baskaran/.m2/repository/org/apache/poi/poi-ooxml-schemas/3.17/poi-ooxml-schemas-3.17.jar:/home/baskaran/.m2/repository/org/apache/xmlbeans/xmlbeans/2.6.0/xmlbeans-2.6.0.jar:/home/baskaran/.m2/repository/stax/stax-api/1.0.1/stax-api-1.0.1.jar:/home/baskaran/.m2/repository/org/apache/poi/poi-ooxml/3.17/poi-ooxml-3.17.jar:/home/baskaran/.m2/repository/com/github/virtuald/curvesapi/1.04/curvesapi-1.04.jar:"/>
    <property name="sun.cpu.endian" value="little"/>
    <property name="user.home" value="/home/baskaran"/>
    <property name="user.language" value="en"/>
    <property name="java.specification.vendor" value="Oracle Corporation"/>
    <property name="java.home" value="/usr/lib/jvm/java-8-oracle/jre"/>
    <property name="basedir" value="/home/baskaran/myfirstgitproject/robot/cucumberselenium"/>
    <property name="file.separator" value="/"/>
    <property name="line.separator" value="&#10;"/>
    <property name="java.vm.specification.vendor" value="Oracle Corporation"/>
    <property name="java.specification.name" value="Java Platform API Specification"/>
    <property name="java.awt.graphicsenv" value="sun.awt.X11GraphicsEnvironment"/>
    <property name="surefire.real.class.path" value="/home/baskaran/myfirstgitproject/robot/cucumberselenium/target/surefire/surefirebooter6708882584563267974.jar"/>
    <property name="sun.boot.class.path" value="/usr/lib/jvm/java-8-oracle/jre/lib/resources.jar:/usr/lib/jvm/java-8-oracle/jre/lib/rt.jar:/usr/lib/jvm/java-8-oracle/jre/lib/sunrsasign.jar:/usr/lib/jvm/java-8-oracle/jre/lib/jsse.jar:/usr/lib/jvm/java-8-oracle/jre/lib/jce.jar:/usr/lib/jvm/java-8-oracle/jre/lib/charsets.jar:/usr/lib/jvm/java-8-oracle/jre/lib/jfr.jar:/usr/lib/jvm/java-8-oracle/jre/classes"/>
    <property name="sun.management.compiler" value="HotSpot Tiered Compilers"/>
    <property name="java.runtime.version" value="1.8.0_151-b12"/>
    <property name="user.name" value="baskaran"/>
    <property name="path.separator" value=":"/>
    <property name="os.version" value="3.13.0-37-generic"/>
    <property name="java.endorsed.dirs" value="/usr/lib/jvm/java-8-oracle/jre/lib/endorsed"/>
    <property name="java.runtime.name" value="Java(TM) SE Runtime Environment"/>
    <property name="file.encoding" value="UTF-8"/>
    <property name="java.vm.name" value="Java HotSpot(TM) Server VM"/>
    <property name="localRepository" value="/home/baskaran/.m2/repository"/>
    <property name="java.vendor.url.bug" value="http://bugreport.sun.com/bugreport/"/>
    <property name="java.io.tmpdir" value="/tmp"/>
    <property name="java.version" value="1.8.0_151"/>
    <property name="user.dir" value="/home/baskaran/myfirstgitproject/robot/cucumberselenium"/>
    <property name="os.arch" value="i386"/>
    <property name="java.vm.specification.name" value="Java Virtual Machine Specification"/>
    <property name="java.awt.printerjob" value="sun.print.PSPrinterJob"/>
    <property name="sun.os.patch.level" value="unknown"/>
    <property name="java.library.path" value="/usr/lib/jvm/java-8-oracle/jre/lib/i386/server:/usr/lib/jvm/java-8-oracle/jre/lib/i386:/usr/lib/jvm/java-8-oracle/jre/../lib/i386:/usr/lib/jvm/java-8-oracle/jre/lib/i386/client:/usr/lib/jvm/java-8-oracle/jre/lib/i386::/usr/java/packages/lib/i386:/lib:/usr/lib"/>
    <property name="java.vm.info" value="mixed mode"/>
    <property name="java.vendor" value="Oracle Corporation"/>
    <property name="java.vm.version" value="25.151-b12"/>
    <property name="java.ext.dirs" value="/usr/lib/jvm/java-8-oracle/jre/lib/ext:/usr/java/packages/lib/ext"/>
    <property name="sun.io.unicode.encoding" value="UnicodeLittle"/>
    <property name="java.class.version" value="52.0"/>
  </properties>
  <testcase name="login without username and password" classname="github login" time="23.526"/>
  <testcase name="login username and password data through selenium webdriver" classname="github login" time="27.025"/>
  <testcase name="login username and password data through excel" classname="github login" time="25.787"/>
</testsuite>